This file contains any messages produced by compilers while
running configure, to aid debugging if configure makes a mistake.

It was created by GNU Chess configure 6.2.3, which was
generated by GNU Autoconf 2.69.  Invocation command line was

  $ ./configure 

## --------- ##
## Platform. ##
## --------- ##

hostname = userr
uname -m = x86_64
uname -r = 3.16.0-4-amd64
uname -s = Linux
uname -v = #1 SMP Debian 3.16.7-ckt11-1 (2015-05-24)

/usr/bin/uname -p = unknown
/bin/uname -X     = unknown

/bin/arch              = unknown
/usr/bin/arch -k       = unknown
/usr/convex/getsysinfo = unknown
/usr/bin/hostinfo      = unknown
/bin/machine           = unknown
/usr/bin/oslevel       = unknown
/bin/universe          = unknown

PATH: /usr/local/bin
PATH: /usr/bin
PATH: /bin
PATH: /usr/local/games
PATH: /usr/games
PATH: /home/turupawn/.rvm/bin
PATH: /home/turupawn/bin
PATH: /home/turupawn/bin
PATH: /home/turupawn/bin
PATH: /home/turupawn/bin
PATH: /home/turupawn/bin
PATH: /home/turupawn/bin


## ----------- ##
## Core tests. ##
## ----------- ##

configure:2361: checking for a BSD-compatible install
configure:2429: result: /usr/bin/install -c
configure:2440: checking whether build environment is sane
configure:2495: result: yes
configure:2646: checking for a thread-safe mkdir -p
configure:2685: result: /bin/mkdir -p
configure:2692: checking for gawk
configure:2708: found /usr/bin/gawk
configure:2719: result: gawk
configure:2730: checking whether make sets $(MAKE)
configure:2752: result: yes
configure:2781: checking whether make supports nested variables
configure:2798: result: yes
configure:2972: checking for gcc
configure:2988: found /usr/bin/gcc
configure:2999: result: gcc
configure:3228: checking for C compiler version
configure:3237: gcc --version >&5
gcc (Debian 4.9.2-10) 4.9.2
Copyright (C) 2014 Free Software Foundation, Inc.
This is free software; see the source for copying conditions.  There is NO
warranty; not even for MERCHANTABILITY or FITNESS FOR A PARTICULAR PURPOSE.

configure:3248: $? = 0
configure:3237: gcc -v >&5
Using built-in specs.
COLLECT_GCC=gcc
COLLECT_LTO_WRAPPER=/usr/lib/gcc/x86_64-linux-gnu/4.9/lto-wrapper
Target: x86_64-linux-gnu
Configured with: ../src/configure -v --with-pkgversion='Debian 4.9.2-10' --with-bugurl=file:///usr/share/doc/gcc-4.9/README.Bugs --enable-languages=c,c++,java,go,d,fortran,objc,obj-c++ --prefix=/usr --program-suffix=-4.9 --enable-shared --enable-linker-build-id --libexecdir=/usr/lib --without-included-gettext --enable-threads=posix --with-gxx-include-dir=/usr/include/c++/4.9 --libdir=/usr/lib --enable-nls --with-sysroot=/ --enable-clocale=gnu --enable-libstdcxx-debug --enable-libstdcxx-time=yes --enable-gnu-unique-object --disable-vtable-verify --enable-plugin --with-system-zlib --disable-browser-plugin --enable-java-awt=gtk --enable-gtk-cairo --with-java-home=/usr/lib/jvm/java-1.5.0-gcj-4.9-amd64/jre --enable-java-home --with-jvm-root-dir=/usr/lib/jvm/java-1.5.0-gcj-4.9-amd64 --with-jvm-jar-dir=/usr/lib/jvm-exports/java-1.5.0-gcj-4.9-amd64 --with-arch-directory=amd64 --with-ecj-jar=/usr/share/java/eclipse-ecj.jar --enable-objc-gc --enable-multiarch --with-arch-32=i586 --with-abi=m64 --with-multilib-list=m32,m64,mx32 --enable-multilib --with-tune=generic --enable-checking=release --build=x86_64-linux-gnu --host=x86_64-linux-gnu --target=x86_64-linux-gnu
Thread model: posix
gcc version 4.9.2 (Debian 4.9.2-10) 
configure:3248: $? = 0
configure:3237: gcc -V >&5
gcc: error: unrecognized command line option '-V'
gcc: fatal error: no input files
compilation terminated.
configure:3248: $? = 4
configure:3237: gcc -qversion >&5
gcc: error: unrecognized command line option '-qversion'
gcc: fatal error: no input files
compilation terminated.
configure:3248: $? = 4
configure:3268: checking whether the C compiler works
configure:3290: gcc    conftest.c  >&5
configure:3294: $? = 0
configure:3342: result: yes
configure:3345: checking for C compiler default output file name
configure:3347: result: a.out
configure:3353: checking for suffix of executables
configure:3360: gcc -o conftest    conftest.c  >&5
configure:3364: $? = 0
configure:3386: result: 
configure:3408: checking whether we are cross compiling
configure:3416: gcc -o conftest    conftest.c  >&5
configure:3420: $? = 0
configure:3427: ./conftest
configure:3431: $? = 0
configure:3446: result: no
configure:3451: checking for suffix of object files
configure:3473: gcc -c   conftest.c >&5
configure:3477: $? = 0
configure:3498: result: o
configure:3502: checking whether we are using the GNU C compiler
configure:3521: gcc -c   conftest.c >&5
configure:3521: $? = 0
configure:3530: result: yes
configure:3539: checking whether gcc accepts -g
configure:3559: gcc -c -g  conftest.c >&5
configure:3559: $? = 0
configure:3600: result: yes
configure:3617: checking for gcc option to accept ISO C89
configure:3680: gcc  -c -g -O2  conftest.c >&5
configure:3680: $? = 0
configure:3693: result: none needed
configure:3718: checking whether gcc understands -c and -o together
configure:3740: gcc -c conftest.c -o conftest2.o
configure:3743: $? = 0
configure:3740: gcc -c conftest.c -o conftest2.o
configure:3743: $? = 0
configure:3755: result: yes
configure:3783: checking for style of include used by make
configure:3811: result: GNU
configure:3837: checking dependency style of gcc
configure:3948: result: gcc3
configure:4021: checking for g++
configure:4037: found /usr/bin/g++
configure:4048: result: g++
configure:4075: checking for C++ compiler version
configure:4084: g++ --version >&5
g++ (Debian 4.9.2-10) 4.9.2
Copyright (C) 2014 Free Software Foundation, Inc.
This is free software; see the source for copying conditions.  There is NO
warranty; not even for MERCHANTABILITY or FITNESS FOR A PARTICULAR PURPOSE.

configure:4095: $? = 0
configure:4084: g++ -v >&5
Using built-in specs.
COLLECT_GCC=g++
COLLECT_LTO_WRAPPER=/usr/lib/gcc/x86_64-linux-gnu/4.9/lto-wrapper
Target: x86_64-linux-gnu
Configured with: ../src/configure -v --with-pkgversion='Debian 4.9.2-10' --with-bugurl=file:///usr/share/doc/gcc-4.9/README.Bugs --enable-languages=c,c++,java,go,d,fortran,objc,obj-c++ --prefix=/usr --program-suffix=-4.9 --enable-shared --enable-linker-build-id --libexecdir=/usr/lib --without-included-gettext --enable-threads=posix --with-gxx-include-dir=/usr/include/c++/4.9 --libdir=/usr/lib --enable-nls --with-sysroot=/ --enable-clocale=gnu --enable-libstdcxx-debug --enable-libstdcxx-time=yes --enable-gnu-unique-object --disable-vtable-verify --enable-plugin --with-system-zlib --disable-browser-plugin --enable-java-awt=gtk --enable-gtk-cairo --with-java-home=/usr/lib/jvm/java-1.5.0-gcj-4.9-amd64/jre --enable-java-home --with-jvm-root-dir=/usr/lib/jvm/java-1.5.0-gcj-4.9-amd64 --with-jvm-jar-dir=/usr/lib/jvm-exports/java-1.5.0-gcj-4.9-amd64 --with-arch-directory=amd64 --with-ecj-jar=/usr/share/java/eclipse-ecj.jar --enable-objc-gc --enable-multiarch --with-arch-32=i586 --with-abi=m64 --with-multilib-list=m32,m64,mx32 --enable-multilib --with-tune=generic --enable-checking=release --build=x86_64-linux-gnu --host=x86_64-linux-gnu --target=x86_64-linux-gnu
Thread model: posix
gcc version 4.9.2 (Debian 4.9.2-10) 
configure:4095: $? = 0
configure:4084: g++ -V >&5
g++: error: unrecognized command line option '-V'
g++: fatal error: no input files
compilation terminated.
configure:4095: $? = 4
configure:4084: g++ -qversion >&5
g++: error: unrecognized command line option '-qversion'
g++: fatal error: no input files
compilation terminated.
configure:4095: $? = 4
configure:4099: checking whether we are using the GNU C++ compiler
configure:4118: g++ -c   conftest.cpp >&5
configure:4118: $? = 0
configure:4127: result: yes
configure:4136: checking whether g++ accepts -g
configure:4156: g++ -c -g  conftest.cpp >&5
configure:4156: $? = 0
configure:4197: result: yes
configure:4222: checking dependency style of g++
configure:4333: result: gcc3
configure:4391: checking for ranlib
configure:4407: found /usr/bin/ranlib
configure:4418: result: ranlib
configure:4445: checking for gawk
configure:4472: result: gawk
configure:4483: checking whether ln -s works
configure:4487: result: yes
configure:4495: checking whether struct tm is in sys/time.h or time.h
configure:4515: gcc -c -g -O2  conftest.c >&5
configure:4515: $? = 0
configure:4522: result: time.h
configure:4534: checking for flex
configure:4564: result: no
configure:4534: checking for lex
configure:4564: result: no
configure:4703: checking for tputs in -lncurses
configure:4728: gcc -o conftest -g -O2   conftest.c -lncurses   >&5
/usr/bin/ld: cannot find -lncurses
collect2: error: ld returned 1 exit status
configure:4728: $? = 1
configure: failed program was:
| /* confdefs.h */
| #define PACKAGE_NAME "GNU Chess"
| #define PACKAGE_TARNAME "gnuchess"
| #define PACKAGE_VERSION "6.2.3"
| #define PACKAGE_STRING "GNU Chess 6.2.3"
| #define PACKAGE_BUGREPORT "bug-gnu-chess@gnu.org"
| #define PACKAGE_URL "http://www.gnu.org/software/gnuchess/"
| #define PACKAGE "gnuchess"
| #define VERSION "6.2.3"
| /* end confdefs.h.  */
| 
| /* Override any GCC internal prototype to avoid an error.
|    Use char because int might match the return type of a GCC
|    builtin and then its argument prototype would still apply.  */
| #ifdef __cplusplus
| extern "C"
| #endif
| char tputs ();
| int
| main ()
| {
| return tputs ();
|   ;
|   return 0;
| }
configure:4737: result: no
configure:4748: checking for readline in -lreadline
configure:4773: gcc -o conftest -g -O2   conftest.c -lreadline   >&5
configure:4773: $? = 0
configure:4782: result: yes
configure:4798: checking how to run the C preprocessor
configure:4829: gcc -E  conftest.c
configure:4829: $? = 0
configure:4843: gcc -E  conftest.c
conftest.c:12:28: fatal error: ac_nonexistent.h: No such file or directory
 #include <ac_nonexistent.h>
                            ^
compilation terminated.
configure:4843: $? = 1
configure: failed program was:
| /* confdefs.h */
| #define PACKAGE_NAME "GNU Chess"
| #define PACKAGE_TARNAME "gnuchess"
| #define PACKAGE_VERSION "6.2.3"
| #define PACKAGE_STRING "GNU Chess 6.2.3"
| #define PACKAGE_BUGREPORT "bug-gnu-chess@gnu.org"
| #define PACKAGE_URL "http://www.gnu.org/software/gnuchess/"
| #define PACKAGE "gnuchess"
| #define VERSION "6.2.3"
| #define HAVE_LIBREADLINE 1
| /* end confdefs.h.  */
| #include <ac_nonexistent.h>
configure:4868: result: gcc -E
configure:4888: gcc -E  conftest.c
configure:4888: $? = 0
configure:4902: gcc -E  conftest.c
conftest.c:12:28: fatal error: ac_nonexistent.h: No such file or directory
 #include <ac_nonexistent.h>
                            ^
compilation terminated.
configure:4902: $? = 1
configure: failed program was:
| /* confdefs.h */
| #define PACKAGE_NAME "GNU Chess"
| #define PACKAGE_TARNAME "gnuchess"
| #define PACKAGE_VERSION "6.2.3"
| #define PACKAGE_STRING "GNU Chess 6.2.3"
| #define PACKAGE_BUGREPORT "bug-gnu-chess@gnu.org"
| #define PACKAGE_URL "http://www.gnu.org/software/gnuchess/"
| #define PACKAGE "gnuchess"
| #define VERSION "6.2.3"
| #define HAVE_LIBREADLINE 1
| /* end confdefs.h.  */
| #include <ac_nonexistent.h>
configure:4931: checking for grep that handles long lines and -e
configure:4989: result: /bin/grep
configure:4994: checking for egrep
configure:5056: result: /bin/grep -E
configure:5061: checking for ANSI C header files
configure:5081: gcc -c -g -O2  conftest.c >&5
configure:5081: $? = 0
configure:5154: gcc -o conftest -g -O2   conftest.c -lreadline  >&5
configure:5154: $? = 0
configure:5154: ./conftest
configure:5154: $? = 0
configure:5165: result: yes
configure:5178: checking for sys/types.h
configure:5178: gcc -c -g -O2  conftest.c >&5
configure:5178: $? = 0
configure:5178: result: yes
configure:5178: checking for sys/stat.h
configure:5178: gcc -c -g -O2  conftest.c >&5
configure:5178: $? = 0
configure:5178: result: yes
configure:5178: checking for stdlib.h
configure:5178: gcc -c -g -O2  conftest.c >&5
configure:5178: $? = 0
configure:5178: result: yes
configure:5178: checking for string.h
configure:5178: gcc -c -g -O2  conftest.c >&5
configure:5178: $? = 0
configure:5178: result: yes
configure:5178: checking for memory.h
configure:5178: gcc -c -g -O2  conftest.c >&5
configure:5178: $? = 0
configure:5178: result: yes
configure:5178: checking for strings.h
configure:5178: gcc -c -g -O2  conftest.c >&5
configure:5178: $? = 0
configure:5178: result: yes
configure:5178: checking for inttypes.h
configure:5178: gcc -c -g -O2  conftest.c >&5
configure:5178: $? = 0
configure:5178: result: yes
configure:5178: checking for stdint.h
configure:5178: gcc -c -g -O2  conftest.c >&5
configure:5178: $? = 0
configure:5178: result: yes
configure:5178: checking for unistd.h
configure:5178: gcc -c -g -O2  conftest.c >&5
configure:5178: $? = 0
configure:5178: result: yes
configure:5193: checking readline/readline.h usability
configure:5193: gcc -c -g -O2  conftest.c >&5
configure:5193: $? = 0
configure:5193: result: yes
configure:5193: checking readline/readline.h presence
configure:5193: gcc -E  conftest.c
configure:5193: $? = 0
configure:5193: result: yes
configure:5193: checking for readline/readline.h
configure:5193: result: yes
configure:5193: checking readline/history.h usability
configure:5193: gcc -c -g -O2  conftest.c >&5
configure:5193: $? = 0
configure:5193: result: yes
configure:5193: checking readline/history.h presence
configure:5193: gcc -E  conftest.c
configure:5193: $? = 0
configure:5193: result: yes
configure:5193: checking for readline/history.h
configure:5193: result: yes
configure:5205: checking for ANSI C header files
configure:5309: result: yes
configure:5321: checking time.h usability
configure:5321: gcc -c -g -O2  conftest.c >&5
configure:5321: $? = 0
configure:5321: result: yes
configure:5321: checking time.h presence
configure:5321: gcc -E  conftest.c
configure:5321: $? = 0
configure:5321: result: yes
configure:5321: checking for time.h
configure:5321: result: yes
configure:5321: checking sys/time.h usability
configure:5321: gcc -c -g -O2  conftest.c >&5
configure:5321: $? = 0
configure:5321: result: yes
configure:5321: checking sys/time.h presence
configure:5321: gcc -E  conftest.c
configure:5321: $? = 0
configure:5321: result: yes
configure:5321: checking for sys/time.h
configure:5321: result: yes
configure:5321: checking for unistd.h
configure:5321: result: yes
configure:5321: checking errno.h usability
configure:5321: gcc -c -g -O2  conftest.c >&5
configure:5321: $? = 0
configure:5321: result: yes
configure:5321: checking errno.h presence
configure:5321: gcc -E  conftest.c
configure:5321: $? = 0
configure:5321: result: yes
configure:5321: checking for errno.h
configure:5321: result: yes
configure:5321: checking fcntl.h usability
configure:5321: gcc -c -g -O2  conftest.c >&5
configure:5321: $? = 0
configure:5321: result: yes
configure:5321: checking fcntl.h presence
configure:5321: gcc -E  conftest.c
configure:5321: $? = 0
configure:5321: result: yes
configure:5321: checking for fcntl.h
configure:5321: result: yes
configure:5321: checking libintl.h usability
configure:5321: gcc -c -g -O2  conftest.c >&5
configure:5321: $? = 0
configure:5321: result: yes
configure:5321: checking libintl.h presence
configure:5321: gcc -E  conftest.c
configure:5321: $? = 0
configure:5321: result: yes
configure:5321: checking for libintl.h
configure:5321: result: yes
configure:5332: checking for an ANSI C-conforming const
configure:5398: gcc -c -g -O2  conftest.c >&5
configure:5398: $? = 0
configure:5405: result: yes
configure:5413: checking for working volatile
configure:5432: gcc -c -g -O2  conftest.c >&5
configure:5432: $? = 0
configure:5439: result: yes
configure:5449: checking for stdlib.h
configure:5449: result: yes
configure:5459: checking for GNU libc compatible realloc
configure:5483: gcc -o conftest -g -O2   conftest.c -lreadline  >&5
configure:5483: $? = 0
configure:5483: ./conftest
configure:5483: $? = 0
configure:5493: result: yes
configure:5514: checking for stdbool.h that conforms to C99
configure:5581: gcc -c -g -O2  conftest.c >&5
configure:5581: $? = 0
configure:5588: result: yes
configure:5590: checking for _Bool
configure:5590: gcc -c -g -O2  conftest.c >&5
configure:5590: $? = 0
configure:5590: gcc -c -g -O2  conftest.c >&5
conftest.c: In function 'main':
conftest.c:69:20: error: expected expression before ')' token
 if (sizeof ((_Bool)))
                    ^
configure:5590: $? = 1
configure: failed program was:
| /* confdefs.h */
| #define PACKAGE_NAME "GNU Chess"
| #define PACKAGE_TARNAME "gnuchess"
| #define PACKAGE_VERSION "6.2.3"
| #define PACKAGE_STRING "GNU Chess 6.2.3"
| #define PACKAGE_BUGREPORT "bug-gnu-chess@gnu.org"
| #define PACKAGE_URL "http://www.gnu.org/software/gnuchess/"
| #define PACKAGE "gnuchess"
| #define VERSION "6.2.3"
| #define HAVE_LIBREADLINE 1
| #define STDC_HEADERS 1
| #define HAVE_SYS_TYPES_H 1
| #define HAVE_SYS_STAT_H 1
| #define HAVE_STDLIB_H 1
| #define HAVE_STRING_H 1
| #define HAVE_MEMORY_H 1
| #define HAVE_STRINGS_H 1
| #define HAVE_INTTYPES_H 1
| #define HAVE_STDINT_H 1
| #define HAVE_UNISTD_H 1
| #define HAVE_READLINE_READLINE_H 1
| #define HAVE_READLINE_HISTORY_H 1
| #define STDC_HEADERS 1
| #define HAVE_TIME_H 1
| #define HAVE_SYS_TIME_H 1
| #define HAVE_UNISTD_H 1
| #define HAVE_ERRNO_H 1
| #define HAVE_FCNTL_H 1
| #define HAVE_LIBINTL_H 1
| #define HAVE_STDLIB_H 1
| #define HAVE_REALLOC 1
| /* end confdefs.h.  */
| #include <stdio.h>
| #ifdef HAVE_SYS_TYPES_H
| # include <sys/types.h>
| #endif
| #ifdef HAVE_SYS_STAT_H
| # include <sys/stat.h>
| #endif
| #ifdef STDC_HEADERS
| # include <stdlib.h>
| # include <stddef.h>
| #else
| # ifdef HAVE_STDLIB_H
| #  include <stdlib.h>
| # endif
| #endif
| #ifdef HAVE_STRING_H
| # if !defined STDC_HEADERS && defined HAVE_MEMORY_H
| #  include <memory.h>
| # endif
| # include <string.h>
| #endif
| #ifdef HAVE_STRINGS_H
| # include <strings.h>
| #endif
| #ifdef HAVE_INTTYPES_H
| # include <inttypes.h>
| #endif
| #ifdef HAVE_STDINT_H
| # include <stdint.h>
| #endif
| #ifdef HAVE_UNISTD_H
| # include <unistd.h>
| #endif
| int
| main ()
| {
| if (sizeof ((_Bool)))
| 	    return 0;
|   ;
|   return 0;
| }
configure:5590: result: yes
configure:5607: checking for inline
configure:5623: gcc -c -g -O2  conftest.c >&5
configure:5623: $? = 0
configure:5631: result: inline
configure:5649: checking for size_t
configure:5649: gcc -c -g -O2  conftest.c >&5
configure:5649: $? = 0
configure:5649: gcc -c -g -O2  conftest.c >&5
conftest.c: In function 'main':
conftest.c:71:21: error: expected expression before ')' token
 if (sizeof ((size_t)))
                     ^
configure:5649: $? = 1
configure: failed program was:
| /* confdefs.h */
| #define PACKAGE_NAME "GNU Chess"
| #define PACKAGE_TARNAME "gnuchess"
| #define PACKAGE_VERSION "6.2.3"
| #define PACKAGE_STRING "GNU Chess 6.2.3"
| #define PACKAGE_BUGREPORT "bug-gnu-chess@gnu.org"
| #define PACKAGE_URL "http://www.gnu.org/software/gnuchess/"
| #define PACKAGE "gnuchess"
| #define VERSION "6.2.3"
| #define HAVE_LIBREADLINE 1
| #define STDC_HEADERS 1
| #define HAVE_SYS_TYPES_H 1
| #define HAVE_SYS_STAT_H 1
| #define HAVE_STDLIB_H 1
| #define HAVE_STRING_H 1
| #define HAVE_MEMORY_H 1
| #define HAVE_STRINGS_H 1
| #define HAVE_INTTYPES_H 1
| #define HAVE_STDINT_H 1
| #define HAVE_UNISTD_H 1
| #define HAVE_READLINE_READLINE_H 1
| #define HAVE_READLINE_HISTORY_H 1
| #define STDC_HEADERS 1
| #define HAVE_TIME_H 1
| #define HAVE_SYS_TIME_H 1
| #define HAVE_UNISTD_H 1
| #define HAVE_ERRNO_H 1
| #define HAVE_FCNTL_H 1
| #define HAVE_LIBINTL_H 1
| #define HAVE_STDLIB_H 1
| #define HAVE_REALLOC 1
| #define HAVE__BOOL 1
| #define HAVE_STDBOOL_H 1
| /* end confdefs.h.  */
| #include <stdio.h>
| #ifdef HAVE_SYS_TYPES_H
| # include <sys/types.h>
| #endif
| #ifdef HAVE_SYS_STAT_H
| # include <sys/stat.h>
| #endif
| #ifdef STDC_HEADERS
| # include <stdlib.h>
| # include <stddef.h>
| #else
| # ifdef HAVE_STDLIB_H
| #  include <stdlib.h>
| # endif
| #endif
| #ifdef HAVE_STRING_H
| # if !defined STDC_HEADERS && defined HAVE_MEMORY_H
| #  include <memory.h>
| # endif
| # include <string.h>
| #endif
| #ifdef HAVE_STRINGS_H
| # include <strings.h>
| #endif
| #ifdef HAVE_INTTYPES_H
| # include <inttypes.h>
| #endif
| #ifdef HAVE_STDINT_H
| # include <stdint.h>
| #endif
| #ifdef HAVE_UNISTD_H
| # include <unistd.h>
| #endif
| int
| main ()
| {
| if (sizeof ((size_t)))
| 	    return 0;
|   ;
|   return 0;
| }
configure:5649: result: yes
configure:5660: checking whether time.h and sys/time.h may both be included
configure:5680: gcc -c -g -O2  conftest.c >&5
configure:5680: $? = 0
configure:5687: result: yes
configure:5696: checking for stdint types
configure:5719: gcc -c   conftest.c >&5
configure:5719: $? = 0
configure:5744: result: stdint.h (shortcircuit)
configure:6147: result: make use of stdint.h in src/GCint.h (assuming C99 compatible system)
configure:6155: checking return type of signal handlers
configure:6173: gcc -c -g -O2  conftest.c >&5
conftest.c: In function 'main':
conftest.c:42:1: error: void value not ignored as it ought to be
 return *(signal (0, 0)) (0) == 1;
 ^
configure:6173: $? = 1
configure: failed program was:
| /* confdefs.h */
| #define PACKAGE_NAME "GNU Chess"
| #define PACKAGE_TARNAME "gnuchess"
| #define PACKAGE_VERSION "6.2.3"
| #define PACKAGE_STRING "GNU Chess 6.2.3"
| #define PACKAGE_BUGREPORT "bug-gnu-chess@gnu.org"
| #define PACKAGE_URL "http://www.gnu.org/software/gnuchess/"
| #define PACKAGE "gnuchess"
| #define VERSION "6.2.3"
| #define HAVE_LIBREADLINE 1
| #define STDC_HEADERS 1
| #define HAVE_SYS_TYPES_H 1
| #define HAVE_SYS_STAT_H 1
| #define HAVE_STDLIB_H 1
| #define HAVE_STRING_H 1
| #define HAVE_MEMORY_H 1
| #define HAVE_STRINGS_H 1
| #define HAVE_INTTYPES_H 1
| #define HAVE_STDINT_H 1
| #define HAVE_UNISTD_H 1
| #define HAVE_READLINE_READLINE_H 1
| #define HAVE_READLINE_HISTORY_H 1
| #define STDC_HEADERS 1
| #define HAVE_TIME_H 1
| #define HAVE_SYS_TIME_H 1
| #define HAVE_UNISTD_H 1
| #define HAVE_ERRNO_H 1
| #define HAVE_FCNTL_H 1
| #define HAVE_LIBINTL_H 1
| #define HAVE_STDLIB_H 1
| #define HAVE_REALLOC 1
| #define HAVE__BOOL 1
| #define HAVE_STDBOOL_H 1
| #define TIME_WITH_SYS_TIME 1
| /* end confdefs.h.  */
| #include <sys/types.h>
| #include <signal.h>
| 
| int
| main ()
| {
| return *(signal (0, 0)) (0) == 1;
|   ;
|   return 0;
| }
configure:6180: result: void
configure:6190: checking for stdlib.h
configure:6190: result: yes
configure:6200: checking for GNU libc compatible malloc
configure:6224: gcc -o conftest -g -O2   conftest.c -lreadline  >&5
configure:6224: $? = 0
configure:6224: ./conftest
configure:6224: $? = 0
configure:6234: result: yes
configure:6255: checking for working memcmp
configure:6298: gcc -o conftest -g -O2   conftest.c -lreadline  >&5
configure:6298: $? = 0
configure:6298: ./conftest
configure:6298: $? = 0
configure:6308: result: yes
configure:6321: checking for gettimeofday
configure:6321: gcc -o conftest -g -O2   conftest.c -lreadline  >&5
configure:6321: $? = 0
configure:6321: result: yes
configure:6321: checking for strchr
configure:6321: gcc -o conftest -g -O2   conftest.c -lreadline  >&5
conftest.c:63:6: warning: conflicting types for built-in function 'strchr'
 char strchr ();
      ^
configure:6321: $? = 0
configure:6321: result: yes
configure:6321: checking for strcspn
configure:6321: gcc -o conftest -g -O2   conftest.c -lreadline  >&5
conftest.c:64:6: warning: conflicting types for built-in function 'strcspn'
 char strcspn ();
      ^
configure:6321: $? = 0
configure:6321: result: yes
configure:6321: checking for strstr
configure:6321: gcc -o conftest -g -O2   conftest.c -lreadline  >&5
conftest.c:65:6: warning: conflicting types for built-in function 'strstr'
 char strstr ();
      ^
configure:6321: $? = 0
configure:6321: result: yes
configure:6321: checking for strerror
configure:6321: gcc -o conftest -g -O2   conftest.c -lreadline  >&5
configure:6321: $? = 0
configure:6321: result: yes
configure:6321: checking for memset
configure:6321: gcc -o conftest -g -O2   conftest.c -lreadline  >&5
conftest.c:67:6: warning: conflicting types for built-in function 'memset'
 char memset ();
      ^
configure:6321: $? = 0
configure:6321: result: yes
configure:6321: checking for strdup
configure:6321: gcc -o conftest -g -O2   conftest.c -lreadline  >&5
conftest.c:68:6: warning: conflicting types for built-in function 'strdup'
 char strdup ();
      ^
configure:6321: $? = 0
configure:6321: result: yes
configure:6321: checking for strtol
configure:6321: gcc -o conftest -g -O2   conftest.c -lreadline  >&5
configure:6321: $? = 0
configure:6321: result: yes
configure:6335: checking build system type
configure:6349: result: x86_64-unknown-linux-gnu
configure:6369: checking host system type
configure:6382: result: x86_64-unknown-linux-gnu
configure:6560: checking for the pthreads library -lpthreads
configure:6595: gcc -o conftest -g -O2    conftest.c -lpthreads -lreadline  >&5
/usr/bin/ld: cannot find -lpthreads
collect2: error: ld returned 1 exit status
configure:6595: $? = 1
configure: failed program was:
| /* confdefs.h */
| #define PACKAGE_NAME "GNU Chess"
| #define PACKAGE_TARNAME "gnuchess"
| #define PACKAGE_VERSION "6.2.3"
| #define PACKAGE_STRING "GNU Chess 6.2.3"
| #define PACKAGE_BUGREPORT "bug-gnu-chess@gnu.org"
| #define PACKAGE_URL "http://www.gnu.org/software/gnuchess/"
| #define PACKAGE "gnuchess"
| #define VERSION "6.2.3"
| #define HAVE_LIBREADLINE 1
| #define STDC_HEADERS 1
| #define HAVE_SYS_TYPES_H 1
| #define HAVE_SYS_STAT_H 1
| #define HAVE_STDLIB_H 1
| #define HAVE_STRING_H 1
| #define HAVE_MEMORY_H 1
| #define HAVE_STRINGS_H 1
| #define HAVE_INTTYPES_H 1
| #define HAVE_STDINT_H 1
| #define HAVE_UNISTD_H 1
| #define HAVE_READLINE_READLINE_H 1
| #define HAVE_READLINE_HISTORY_H 1
| #define STDC_HEADERS 1
| #define HAVE_TIME_H 1
| #define HAVE_SYS_TIME_H 1
| #define HAVE_UNISTD_H 1
| #define HAVE_ERRNO_H 1
| #define HAVE_FCNTL_H 1
| #define HAVE_LIBINTL_H 1
| #define HAVE_STDLIB_H 1
| #define HAVE_REALLOC 1
| #define HAVE__BOOL 1
| #define HAVE_STDBOOL_H 1
| #define TIME_WITH_SYS_TIME 1
| #define RETSIGTYPE void
| #define HAVE_STDLIB_H 1
| #define HAVE_MALLOC 1
| #define HAVE_GETTIMEOFDAY 1
| #define HAVE_STRCHR 1
| #define HAVE_STRCSPN 1
| #define HAVE_STRSTR 1
| #define HAVE_STRERROR 1
| #define HAVE_MEMSET 1
| #define HAVE_STRDUP 1
| #define HAVE_STRTOL 1
| /* end confdefs.h.  */
| #include <pthread.h>
| int
| main ()
| {
| pthread_t th; pthread_join(th, 0);
|                      pthread_attr_init(0); pthread_cleanup_push(0, 0);
|                      pthread_create(0,0,0,0); pthread_cleanup_pop(0);
|   ;
|   return 0;
| }
configure:6605: result: no
configure:6548: checking whether pthreads work without any flags
configure:6595: gcc -o conftest -g -O2    conftest.c  -lreadline  >&5
/tmp/ccoHpnWp.o: In function `main':
/home/turupawn/Projects/C++/gnuchess-6.2.3/conftest.c:51: undefined reference to `pthread_join'
/home/turupawn/Projects/C++/gnuchess-6.2.3/conftest.c:52: undefined reference to `__pthread_register_cancel'
/home/turupawn/Projects/C++/gnuchess-6.2.3/conftest.c:53: undefined reference to `pthread_create'
/home/turupawn/Projects/C++/gnuchess-6.2.3/conftest.c:53: undefined reference to `__pthread_unregister_cancel'
collect2: error: ld returned 1 exit status
configure:6595: $? = 1
configure: failed program was:
| /* confdefs.h */
| #define PACKAGE_NAME "GNU Chess"
| #define PACKAGE_TARNAME "gnuchess"
| #define PACKAGE_VERSION "6.2.3"
| #define PACKAGE_STRING "GNU Chess 6.2.3"
| #define PACKAGE_BUGREPORT "bug-gnu-chess@gnu.org"
| #define PACKAGE_URL "http://www.gnu.org/software/gnuchess/"
| #define PACKAGE "gnuchess"
| #define VERSION "6.2.3"
| #define HAVE_LIBREADLINE 1
| #define STDC_HEADERS 1
| #define HAVE_SYS_TYPES_H 1
| #define HAVE_SYS_STAT_H 1
| #define HAVE_STDLIB_H 1
| #define HAVE_STRING_H 1
| #define HAVE_MEMORY_H 1
| #define HAVE_STRINGS_H 1
| #define HAVE_INTTYPES_H 1
| #define HAVE_STDINT_H 1
| #define HAVE_UNISTD_H 1
| #define HAVE_READLINE_READLINE_H 1
| #define HAVE_READLINE_HISTORY_H 1
| #define STDC_HEADERS 1
| #define HAVE_TIME_H 1
| #define HAVE_SYS_TIME_H 1
| #define HAVE_UNISTD_H 1
| #define HAVE_ERRNO_H 1
| #define HAVE_FCNTL_H 1
| #define HAVE_LIBINTL_H 1
| #define HAVE_STDLIB_H 1
| #define HAVE_REALLOC 1
| #define HAVE__BOOL 1
| #define HAVE_STDBOOL_H 1
| #define TIME_WITH_SYS_TIME 1
| #define RETSIGTYPE void
| #define HAVE_STDLIB_H 1
| #define HAVE_MALLOC 1
| #define HAVE_GETTIMEOFDAY 1
| #define HAVE_STRCHR 1
| #define HAVE_STRCSPN 1
| #define HAVE_STRSTR 1
| #define HAVE_STRERROR 1
| #define HAVE_MEMSET 1
| #define HAVE_STRDUP 1
| #define HAVE_STRTOL 1
| /* end confdefs.h.  */
| #include <pthread.h>
| int
| main ()
| {
| pthread_t th; pthread_join(th, 0);
|                      pthread_attr_init(0); pthread_cleanup_push(0, 0);
|                      pthread_create(0,0,0,0); pthread_cleanup_pop(0);
|   ;
|   return 0;
| }
configure:6605: result: no
configure:6553: checking whether pthreads work with -Kthread
configure:6595: gcc -o conftest -g -O2 -Kthread   conftest.c  -lreadline  >&5
gcc: error: unrecognized command line option '-Kthread'
configure:6595: $? = 1
configure: failed program was:
| /* confdefs.h */
| #define PACKAGE_NAME "GNU Chess"
| #define PACKAGE_TARNAME "gnuchess"
| #define PACKAGE_VERSION "6.2.3"
| #define PACKAGE_STRING "GNU Chess 6.2.3"
| #define PACKAGE_BUGREPORT "bug-gnu-chess@gnu.org"
| #define PACKAGE_URL "http://www.gnu.org/software/gnuchess/"
| #define PACKAGE "gnuchess"
| #define VERSION "6.2.3"
| #define HAVE_LIBREADLINE 1
| #define STDC_HEADERS 1
| #define HAVE_SYS_TYPES_H 1
| #define HAVE_SYS_STAT_H 1
| #define HAVE_STDLIB_H 1
| #define HAVE_STRING_H 1
| #define HAVE_MEMORY_H 1
| #define HAVE_STRINGS_H 1
| #define HAVE_INTTYPES_H 1
| #define HAVE_STDINT_H 1
| #define HAVE_UNISTD_H 1
| #define HAVE_READLINE_READLINE_H 1
| #define HAVE_READLINE_HISTORY_H 1
| #define STDC_HEADERS 1
| #define HAVE_TIME_H 1
| #define HAVE_SYS_TIME_H 1
| #define HAVE_UNISTD_H 1
| #define HAVE_ERRNO_H 1
| #define HAVE_FCNTL_H 1
| #define HAVE_LIBINTL_H 1
| #define HAVE_STDLIB_H 1
| #define HAVE_REALLOC 1
| #define HAVE__BOOL 1
| #define HAVE_STDBOOL_H 1
| #define TIME_WITH_SYS_TIME 1
| #define RETSIGTYPE void
| #define HAVE_STDLIB_H 1
| #define HAVE_MALLOC 1
| #define HAVE_GETTIMEOFDAY 1
| #define HAVE_STRCHR 1
| #define HAVE_STRCSPN 1
| #define HAVE_STRSTR 1
| #define HAVE_STRERROR 1
| #define HAVE_MEMSET 1
| #define HAVE_STRDUP 1
| #define HAVE_STRTOL 1
| /* end confdefs.h.  */
| #include <pthread.h>
| int
| main ()
| {
| pthread_t th; pthread_join(th, 0);
|                      pthread_attr_init(0); pthread_cleanup_push(0, 0);
|                      pthread_create(0,0,0,0); pthread_cleanup_pop(0);
|   ;
|   return 0;
| }
configure:6605: result: no
configure:6553: checking whether pthreads work with -kthread
configure:6595: gcc -o conftest -g -O2 -kthread   conftest.c  -lreadline  >&5
gcc: error: unrecognized command line option '-kthread'
configure:6595: $? = 1
configure: failed program was:
| /* confdefs.h */
| #define PACKAGE_NAME "GNU Chess"
| #define PACKAGE_TARNAME "gnuchess"
| #define PACKAGE_VERSION "6.2.3"
| #define PACKAGE_STRING "GNU Chess 6.2.3"
| #define PACKAGE_BUGREPORT "bug-gnu-chess@gnu.org"
| #define PACKAGE_URL "http://www.gnu.org/software/gnuchess/"
| #define PACKAGE "gnuchess"
| #define VERSION "6.2.3"
| #define HAVE_LIBREADLINE 1
| #define STDC_HEADERS 1
| #define HAVE_SYS_TYPES_H 1
| #define HAVE_SYS_STAT_H 1
| #define HAVE_STDLIB_H 1
| #define HAVE_STRING_H 1
| #define HAVE_MEMORY_H 1
| #define HAVE_STRINGS_H 1
| #define HAVE_INTTYPES_H 1
| #define HAVE_STDINT_H 1
| #define HAVE_UNISTD_H 1
| #define HAVE_READLINE_READLINE_H 1
| #define HAVE_READLINE_HISTORY_H 1
| #define STDC_HEADERS 1
| #define HAVE_TIME_H 1
| #define HAVE_SYS_TIME_H 1
| #define HAVE_UNISTD_H 1
| #define HAVE_ERRNO_H 1
| #define HAVE_FCNTL_H 1
| #define HAVE_LIBINTL_H 1
| #define HAVE_STDLIB_H 1
| #define HAVE_REALLOC 1
| #define HAVE__BOOL 1
| #define HAVE_STDBOOL_H 1
| #define TIME_WITH_SYS_TIME 1
| #define RETSIGTYPE void
| #define HAVE_STDLIB_H 1
| #define HAVE_MALLOC 1
| #define HAVE_GETTIMEOFDAY 1
| #define HAVE_STRCHR 1
| #define HAVE_STRCSPN 1
| #define HAVE_STRSTR 1
| #define HAVE_STRERROR 1
| #define HAVE_MEMSET 1
| #define HAVE_STRDUP 1
| #define HAVE_STRTOL 1
| /* end confdefs.h.  */
| #include <pthread.h>
| int
| main ()
| {
| pthread_t th; pthread_join(th, 0);
|                      pthread_attr_init(0); pthread_cleanup_push(0, 0);
|                      pthread_create(0,0,0,0); pthread_cleanup_pop(0);
|   ;
|   return 0;
| }
configure:6605: result: no
configure:6560: checking for the pthreads library -llthread
configure:6595: gcc -o conftest -g -O2    conftest.c -llthread -lreadline  >&5
/usr/bin/ld: cannot find -llthread
collect2: error: ld returned 1 exit status
configure:6595: $? = 1
configure: failed program was:
| /* confdefs.h */
| #define PACKAGE_NAME "GNU Chess"
| #define PACKAGE_TARNAME "gnuchess"
| #define PACKAGE_VERSION "6.2.3"
| #define PACKAGE_STRING "GNU Chess 6.2.3"
| #define PACKAGE_BUGREPORT "bug-gnu-chess@gnu.org"
| #define PACKAGE_URL "http://www.gnu.org/software/gnuchess/"
| #define PACKAGE "gnuchess"
| #define VERSION "6.2.3"
| #define HAVE_LIBREADLINE 1
| #define STDC_HEADERS 1
| #define HAVE_SYS_TYPES_H 1
| #define HAVE_SYS_STAT_H 1
| #define HAVE_STDLIB_H 1
| #define HAVE_STRING_H 1
| #define HAVE_MEMORY_H 1
| #define HAVE_STRINGS_H 1
| #define HAVE_INTTYPES_H 1
| #define HAVE_STDINT_H 1
| #define HAVE_UNISTD_H 1
| #define HAVE_READLINE_READLINE_H 1
| #define HAVE_READLINE_HISTORY_H 1
| #define STDC_HEADERS 1
| #define HAVE_TIME_H 1
| #define HAVE_SYS_TIME_H 1
| #define HAVE_UNISTD_H 1
| #define HAVE_ERRNO_H 1
| #define HAVE_FCNTL_H 1
| #define HAVE_LIBINTL_H 1
| #define HAVE_STDLIB_H 1
| #define HAVE_REALLOC 1
| #define HAVE__BOOL 1
| #define HAVE_STDBOOL_H 1
| #define TIME_WITH_SYS_TIME 1
| #define RETSIGTYPE void
| #define HAVE_STDLIB_H 1
| #define HAVE_MALLOC 1
| #define HAVE_GETTIMEOFDAY 1
| #define HAVE_STRCHR 1
| #define HAVE_STRCSPN 1
| #define HAVE_STRSTR 1
| #define HAVE_STRERROR 1
| #define HAVE_MEMSET 1
| #define HAVE_STRDUP 1
| #define HAVE_STRTOL 1
| /* end confdefs.h.  */
| #include <pthread.h>
| int
| main ()
| {
| pthread_t th; pthread_join(th, 0);
|                      pthread_attr_init(0); pthread_cleanup_push(0, 0);
|                      pthread_create(0,0,0,0); pthread_cleanup_pop(0);
|   ;
|   return 0;
| }
configure:6605: result: no
configure:6553: checking whether pthreads work with -pthread
configure:6595: gcc -o conftest -g -O2 -pthread   conftest.c  -lreadline  >&5
configure:6595: $? = 0
configure:6605: result: yes
configure:6628: checking for joinable pthread attribute
configure:6641: gcc -o conftest -g -O2 -pthread   conftest.c  -lreadline  >&5
configure:6641: $? = 0
configure:6673: result: PTHREAD_CREATE_JOINABLE
configure:6680: checking if more special flags are required for pthreads
configure:6687: result: no
configure:6701: checking for cc_r
configure:6729: result: gcc
configure:6779: checking for a sed that does not truncate output
configure:6843: result: /bin/sed
configure:6849: checking whether NLS is requested
configure:6858: result: yes
configure:6898: checking for msgfmt
configure: trying /usr/bin/msgfmt...
0 translated messages.
configure:6930: result: /usr/bin/msgfmt
configure:6939: checking for gmsgfmt
configure:6970: result: /usr/bin/msgfmt
configure:7020: checking for xgettext
configure: trying /usr/bin/xgettext...
/usr/bin/xgettext: warning: file '/dev/null' extension '' is unknown; will try C
configure:7052: result: /usr/bin/xgettext
configure:7097: checking for msgmerge
configure: trying /usr/bin/msgmerge...
configure:7128: result: /usr/bin/msgmerge
configure:7186: checking for ld used by gcc
configure:7253: result: /usr/bin/ld
configure:7260: checking if the linker (/usr/bin/ld) is GNU ld
configure:7275: result: yes
configure:7282: checking for shared library run path origin
configure:7295: result: done
configure:7867: checking for CFPreferencesCopyAppValue
configure:7885: gcc -o conftest -g -O2   conftest.c -lreadline  -Wl,-framework -Wl,CoreFoundation >&5
conftest.c:48:42: fatal error: CoreFoundation/CFPreferences.h: No such file or directory
 #include <CoreFoundation/CFPreferences.h>
                                          ^
compilation terminated.
configure:7885: $? = 1
configure: failed program was:
| /* confdefs.h */
| #define PACKAGE_NAME "GNU Chess"
| #define PACKAGE_TARNAME "gnuchess"
| #define PACKAGE_VERSION "6.2.3"
| #define PACKAGE_STRING "GNU Chess 6.2.3"
| #define PACKAGE_BUGREPORT "bug-gnu-chess@gnu.org"
| #define PACKAGE_URL "http://www.gnu.org/software/gnuchess/"
| #define PACKAGE "gnuchess"
| #define VERSION "6.2.3"
| #define HAVE_LIBREADLINE 1
| #define STDC_HEADERS 1
| #define HAVE_SYS_TYPES_H 1
| #define HAVE_SYS_STAT_H 1
| #define HAVE_STDLIB_H 1
| #define HAVE_STRING_H 1
| #define HAVE_MEMORY_H 1
| #define HAVE_STRINGS_H 1
| #define HAVE_INTTYPES_H 1
| #define HAVE_STDINT_H 1
| #define HAVE_UNISTD_H 1
| #define HAVE_READLINE_READLINE_H 1
| #define HAVE_READLINE_HISTORY_H 1
| #define STDC_HEADERS 1
| #define HAVE_TIME_H 1
| #define HAVE_SYS_TIME_H 1
| #define HAVE_UNISTD_H 1
| #define HAVE_ERRNO_H 1
| #define HAVE_FCNTL_H 1
| #define HAVE_LIBINTL_H 1
| #define HAVE_STDLIB_H 1
| #define HAVE_REALLOC 1
| #define HAVE__BOOL 1
| #define HAVE_STDBOOL_H 1
| #define TIME_WITH_SYS_TIME 1
| #define RETSIGTYPE void
| #define HAVE_STDLIB_H 1
| #define HAVE_MALLOC 1
| #define HAVE_GETTIMEOFDAY 1
| #define HAVE_STRCHR 1
| #define HAVE_STRCSPN 1
| #define HAVE_STRSTR 1
| #define HAVE_STRERROR 1
| #define HAVE_MEMSET 1
| #define HAVE_STRDUP 1
| #define HAVE_STRTOL 1
| #define HAVE_PTHREAD 1
| /* end confdefs.h.  */
| #include <CoreFoundation/CFPreferences.h>
| int
| main ()
| {
| CFPreferencesCopyAppValue(NULL, NULL)
|   ;
|   return 0;
| }
configure:7894: result: no
configure:7901: checking for CFLocaleCopyCurrent
configure:7919: gcc -o conftest -g -O2   conftest.c -lreadline  -Wl,-framework -Wl,CoreFoundation >&5
conftest.c:48:37: fatal error: CoreFoundation/CFLocale.h: No such file or directory
 #include <CoreFoundation/CFLocale.h>
                                     ^
compilation terminated.
configure:7919: $? = 1
configure: failed program was:
| /* confdefs.h */
| #define PACKAGE_NAME "GNU Chess"
| #define PACKAGE_TARNAME "gnuchess"
| #define PACKAGE_VERSION "6.2.3"
| #define PACKAGE_STRING "GNU Chess 6.2.3"
| #define PACKAGE_BUGREPORT "bug-gnu-chess@gnu.org"
| #define PACKAGE_URL "http://www.gnu.org/software/gnuchess/"
| #define PACKAGE "gnuchess"
| #define VERSION "6.2.3"
| #define HAVE_LIBREADLINE 1
| #define STDC_HEADERS 1
| #define HAVE_SYS_TYPES_H 1
| #define HAVE_SYS_STAT_H 1
| #define HAVE_STDLIB_H 1
| #define HAVE_STRING_H 1
| #define HAVE_MEMORY_H 1
| #define HAVE_STRINGS_H 1
| #define HAVE_INTTYPES_H 1
| #define HAVE_STDINT_H 1
| #define HAVE_UNISTD_H 1
| #define HAVE_READLINE_READLINE_H 1
| #define HAVE_READLINE_HISTORY_H 1
| #define STDC_HEADERS 1
| #define HAVE_TIME_H 1
| #define HAVE_SYS_TIME_H 1
| #define HAVE_UNISTD_H 1
| #define HAVE_ERRNO_H 1
| #define HAVE_FCNTL_H 1
| #define HAVE_LIBINTL_H 1
| #define HAVE_STDLIB_H 1
| #define HAVE_REALLOC 1
| #define HAVE__BOOL 1
| #define HAVE_STDBOOL_H 1
| #define TIME_WITH_SYS_TIME 1
| #define RETSIGTYPE void
| #define HAVE_STDLIB_H 1
| #define HAVE_MALLOC 1
| #define HAVE_GETTIMEOFDAY 1
| #define HAVE_STRCHR 1
| #define HAVE_STRCSPN 1
| #define HAVE_STRSTR 1
| #define HAVE_STRERROR 1
| #define HAVE_MEMSET 1
| #define HAVE_STRDUP 1
| #define HAVE_STRTOL 1
| #define HAVE_PTHREAD 1
| /* end confdefs.h.  */
| #include <CoreFoundation/CFLocale.h>
| int
| main ()
| {
| CFLocaleCopyCurrent();
|   ;
|   return 0;
| }
configure:7928: result: no
configure:7977: checking for GNU gettext in libc
configure:8001: gcc -o conftest -g -O2   conftest.c -lreadline  >&5
configure:8001: $? = 0
configure:8010: result: yes
configure:8838: checking whether to use NLS
configure:8840: result: yes
configure:8843: checking where the gettext function comes from
configure:8854: result: libc
configure:9034: checking that generated files are newer than configure
configure:9040: result: done
configure:9067: creating ./config.status

## ---------------------- ##
## Running config.status. ##
## ---------------------- ##

This file was extended by GNU Chess config.status 6.2.3, which was
generated by GNU Autoconf 2.69.  Invocation command line was

  CONFIG_FILES    = 
  CONFIG_HEADERS  = 
  CONFIG_LINKS    = 
  CONFIG_COMMANDS = 
  $ ./config.status 

on userr

config.status:961: creating Makefile
config.status:961: creating src/Makefile
config.status:961: creating src/frontend/Makefile
config.status:961: creating src/adapter/Makefile
config.status:961: creating src/engine/Makefile
config.status:961: creating doc/Makefile
config.status:961: creating po/Makefile.in
config.status:961: creating man/Makefile
config.status:961: creating src/config.h
config.status:1190: executing depfiles commands
config.status:1190: executing src/GCint.h commands
config.status:1291: creating src/GCint.h : _GNUCHESS_SRC_GCINT_H
config.status:1190: executing po-directories commands

## ---------------- ##
## Cache variables. ##
## ---------------- ##

ac_cv_build=x86_64-unknown-linux-gnu
ac_cv_c_compiler_gnu=yes
ac_cv_c_const=yes
ac_cv_c_inline=inline
ac_cv_c_volatile=yes
ac_cv_cxx_compiler_gnu=yes
ac_cv_env_CCC_set=
ac_cv_env_CCC_value=
ac_cv_env_CC_set=
ac_cv_env_CC_value=
ac_cv_env_CFLAGS_set=
ac_cv_env_CFLAGS_value=
ac_cv_env_CPPFLAGS_set=
ac_cv_env_CPPFLAGS_value=
ac_cv_env_CPP_set=
ac_cv_env_CPP_value=
ac_cv_env_CXXFLAGS_set=
ac_cv_env_CXXFLAGS_value=
ac_cv_env_CXX_set=
ac_cv_env_CXX_value=
ac_cv_env_LDFLAGS_set=
ac_cv_env_LDFLAGS_value=
ac_cv_env_LIBS_set=
ac_cv_env_LIBS_value=
ac_cv_env_build_alias_set=
ac_cv_env_build_alias_value=
ac_cv_env_host_alias_set=
ac_cv_env_host_alias_value=
ac_cv_env_target_alias_set=
ac_cv_env_target_alias_value=
ac_cv_func_gettimeofday=yes
ac_cv_func_malloc_0_nonnull=yes
ac_cv_func_memcmp_working=yes
ac_cv_func_memset=yes
ac_cv_func_realloc_0_nonnull=yes
ac_cv_func_strchr=yes
ac_cv_func_strcspn=yes
ac_cv_func_strdup=yes
ac_cv_func_strerror=yes
ac_cv_func_strstr=yes
ac_cv_func_strtol=yes
ac_cv_header_errno_h=yes
ac_cv_header_fcntl_h=yes
ac_cv_header_inttypes_h=yes
ac_cv_header_libintl_h=yes
ac_cv_header_memory_h=yes
ac_cv_header_readline_history_h=yes
ac_cv_header_readline_readline_h=yes
ac_cv_header_stdbool_h=yes
ac_cv_header_stdc=yes
ac_cv_header_stdint=stdint.h
ac_cv_header_stdint_h=yes
ac_cv_header_stdint_t=stdint.h
ac_cv_header_stdlib_h=yes
ac_cv_header_string_h=yes
ac_cv_header_strings_h=yes
ac_cv_header_sys_stat_h=yes
ac_cv_header_sys_time_h=yes
ac_cv_header_sys_types_h=yes
ac_cv_header_time=yes
ac_cv_header_time_h=yes
ac_cv_header_unistd_h=yes
ac_cv_host=x86_64-unknown-linux-gnu
ac_cv_lib_ncurses_tputs=no
ac_cv_lib_readline_readline=yes
ac_cv_objext=o
ac_cv_path_EGREP='/bin/grep -E'
ac_cv_path_GMSGFMT=/usr/bin/msgfmt
ac_cv_path_GREP=/bin/grep
ac_cv_path_MSGFMT=/usr/bin/msgfmt
ac_cv_path_MSGMERGE=/usr/bin/msgmerge
ac_cv_path_SED=/bin/sed
ac_cv_path_XGETTEXT=/usr/bin/xgettext
ac_cv_path_install='/usr/bin/install -c'
ac_cv_path_mkdir=/bin/mkdir
ac_cv_prog_AWK=gawk
ac_cv_prog_CPP='gcc -E'
ac_cv_prog_PTHREAD_CC=gcc
ac_cv_prog_ac_ct_CC=gcc
ac_cv_prog_ac_ct_CXX=g++
ac_cv_prog_ac_ct_RANLIB=ranlib
ac_cv_prog_cc_c89=
ac_cv_prog_cc_g=yes
ac_cv_prog_cxx_g=yes
ac_cv_prog_make_make_set=yes
ac_cv_stdint_message='using gnu compiler gcc (Debian 4.9.2-10) 4.9.2'
ac_cv_stdint_result='(assuming C99 compatible system)'
ac_cv_struct_tm=time.h
ac_cv_type__Bool=yes
ac_cv_type_signal=void
ac_cv_type_size_t=yes
ac_cv_use_readline=yes
acl_cv_hardcode_direct=no
acl_cv_hardcode_libdir_flag_spec='${wl}-rpath ${wl}$libdir'
acl_cv_hardcode_libdir_separator=
acl_cv_hardcode_minus_L=no
acl_cv_libext=a
acl_cv_libname_spec='lib$name'
acl_cv_library_names_spec='$libname$shrext'
acl_cv_path_LD=/usr/bin/ld
acl_cv_prog_gnu_ld=yes
acl_cv_rpath=done
acl_cv_shlibext=so
acl_cv_wl=-Wl,
am_cv_CC_dependencies_compiler_type=gcc3
am_cv_CXX_dependencies_compiler_type=gcc3
am_cv_make_support_nested_variables=yes
am_cv_prog_cc_c_o=yes
gt_cv_func_CFLocaleCopyCurrent=no
gt_cv_func_CFPreferencesCopyAppValue=no
gt_cv_func_gnugettext1_libc=yes

## ----------------- ##
## Output variables. ##
## ----------------- ##

ACLOCAL='${SHELL} /home/turupawn/Projects/C++/gnuchess-6.2.3/missing aclocal-1.14'
AMDEPBACKSLASH='\'
AMDEP_FALSE='#'
AMDEP_TRUE=''
AMTAR='$${TAR-tar}'
AM_BACKSLASH='\'
AM_DEFAULT_V='$(AM_DEFAULT_VERBOSITY)'
AM_DEFAULT_VERBOSITY='1'
AM_V='$(V)'
AUTOCONF='${SHELL} /home/turupawn/Projects/C++/gnuchess-6.2.3/missing autoconf'
AUTOHEADER='${SHELL} /home/turupawn/Projects/C++/gnuchess-6.2.3/missing autoheader'
AUTOMAKE='${SHELL} /home/turupawn/Projects/C++/gnuchess-6.2.3/missing automake-1.14'
AWK='gawk'
CC='gcc'
CCDEPMODE='depmode=gcc3'
CFLAGS='-g -O2'
CPP='gcc -E'
CPPFLAGS=''
CXX='g++'
CXXDEPMODE='depmode=gcc3'
CXXFLAGS='-g -O2'
CYGPATH_W='echo'
DEFS='-DHAVE_CONFIG_H'
DEPDIR='.deps'
ECHO_C=''
ECHO_N='-n'
ECHO_T=''
EGREP='/bin/grep -E'
EXEEXT=''
GETTEXT_MACRO_VERSION='0.18'
GMSGFMT='/usr/bin/msgfmt'
GMSGFMT_015='/usr/bin/msgfmt'
GREP='/bin/grep'
HELP2MAN='${SHELL} /home/turupawn/Projects/C++/gnuchess-6.2.3/missing help2man'
INSTALL_DATA='${INSTALL} -m 644'
INSTALL_PROGRAM='${INSTALL}'
INSTALL_SCRIPT='${INSTALL}'
INSTALL_STRIP_PROGRAM='$(install_sh) -c -s'
INTLLIBS=''
INTL_MACOSX_LIBS=''
LDFLAGS=''
LEX='${SHELL} /home/turupawn/Projects/C++/gnuchess-6.2.3/missing flex'
LEXLIB=''
LEX_OUTPUT_ROOT=''
LIBICONV='-liconv'
LIBINTL=''
LIBOBJS=''
LIBS='-lreadline '
LN_S='ln -s'
LTLIBICONV='-liconv'
LTLIBINTL=''
LTLIBOBJS=''
MAKEINFO='${SHELL} /home/turupawn/Projects/C++/gnuchess-6.2.3/missing makeinfo'
MKDIR_P='/bin/mkdir -p'
MSGFMT='/usr/bin/msgfmt'
MSGFMT_015='/usr/bin/msgfmt'
MSGMERGE='/usr/bin/msgmerge'
OBJEXT='o'
PACKAGE='gnuchess'
PACKAGE_BUGREPORT='bug-gnu-chess@gnu.org'
PACKAGE_NAME='GNU Chess'
PACKAGE_STRING='GNU Chess 6.2.3'
PACKAGE_TARNAME='gnuchess'
PACKAGE_URL='http://www.gnu.org/software/gnuchess/'
PACKAGE_VERSION='6.2.3'
PATH_SEPARATOR=':'
PLUGINSDIR='$(datadir)/games/plugins'
POSUB='po'
PTHREAD_CC='gcc'
PTHREAD_CFLAGS='-pthread'
PTHREAD_CXXFLAGS='-pthread'
PTHREAD_LIBS=''
RANLIB='ranlib'
SED='/bin/sed'
SET_MAKE=''
SHELL='/bin/bash'
STRIP=''
USE_NLS='yes'
VERSION='6.2.3'
XGETTEXT='/usr/bin/xgettext'
XGETTEXT_015='/usr/bin/xgettext'
XGETTEXT_EXTRA_OPTIONS=''
ac_ct_CC='gcc'
ac_ct_CXX='g++'
am__EXEEXT_FALSE=''
am__EXEEXT_TRUE='#'
am__fastdepCC_FALSE='#'
am__fastdepCC_TRUE=''
am__fastdepCXX_FALSE='#'
am__fastdepCXX_TRUE=''
am__include='include'
am__isrc=''
am__leading_dot='.'
am__nodep='_no'
am__quote=''
am__tar='$${TAR-tar} chof - "$$tardir"'
am__untar='$${TAR-tar} xf -'
bindir='${exec_prefix}/bin'
build='x86_64-unknown-linux-gnu'
build_alias=''
build_cpu='x86_64'
build_os='linux-gnu'
build_vendor='unknown'
datadir='${datarootdir}'
datarootdir='${prefix}/share'
docdir='${datarootdir}/doc/${PACKAGE_TARNAME}'
dvidir='${docdir}'
exec_prefix='${prefix}'
host='x86_64-unknown-linux-gnu'
host_alias=''
host_cpu='x86_64'
host_os='linux-gnu'
host_vendor='unknown'
htmldir='${docdir}'
includedir='${prefix}/include'
infodir='${datarootdir}/info'
install_sh='${SHELL} /home/turupawn/Projects/C++/gnuchess-6.2.3/install-sh'
libdir='${exec_prefix}/lib'
libexecdir='${exec_prefix}/libexec'
localedir='${datarootdir}/locale'
localstatedir='${prefix}/var'
mandir='${datarootdir}/man'
mkdir_p='$(MKDIR_P)'
oldincludedir='/usr/include'
pdfdir='${docdir}'
prefix='/usr/local'
program_transform_name='s,x,x,'
psdir='${docdir}'
sbindir='${exec_prefix}/sbin'
sharedstatedir='${prefix}/com'
sysconfdir='${prefix}/etc'
target_alias=''

## ----------- ##
## confdefs.h. ##
## ----------- ##

/* confdefs.h */
#define PACKAGE_NAME "GNU Chess"
#define PACKAGE_TARNAME "gnuchess"
#define PACKAGE_VERSION "6.2.3"
#define PACKAGE_STRING "GNU Chess 6.2.3"
#define PACKAGE_BUGREPORT "bug-gnu-chess@gnu.org"
#define PACKAGE_URL "http://www.gnu.org/software/gnuchess/"
#define PACKAGE "gnuchess"
#define VERSION "6.2.3"
#define HAVE_LIBREADLINE 1
#define STDC_HEADERS 1
#define HAVE_SYS_TYPES_H 1
#define HAVE_SYS_STAT_H 1
#define HAVE_STDLIB_H 1
#define HAVE_STRING_H 1
#define HAVE_MEMORY_H 1
#define HAVE_STRINGS_H 1
#define HAVE_INTTYPES_H 1
#define HAVE_STDINT_H 1
#define HAVE_UNISTD_H 1
#define HAVE_READLINE_READLINE_H 1
#define HAVE_READLINE_HISTORY_H 1
#define STDC_HEADERS 1
#define HAVE_TIME_H 1
#define HAVE_SYS_TIME_H 1
#define HAVE_UNISTD_H 1
#define HAVE_ERRNO_H 1
#define HAVE_FCNTL_H 1
#define HAVE_LIBINTL_H 1
#define HAVE_STDLIB_H 1
#define HAVE_REALLOC 1
#define HAVE__BOOL 1
#define HAVE_STDBOOL_H 1
#define TIME_WITH_SYS_TIME 1
#define RETSIGTYPE void
#define HAVE_STDLIB_H 1
#define HAVE_MALLOC 1
#define HAVE_GETTIMEOFDAY 1
#define HAVE_STRCHR 1
#define HAVE_STRCSPN 1
#define HAVE_STRSTR 1
#define HAVE_STRERROR 1
#define HAVE_MEMSET 1
#define HAVE_STRDUP 1
#define HAVE_STRTOL 1
#define HAVE_PTHREAD 1
#define ENABLE_NLS 1
#define HAVE_GETTEXT 1
#define HAVE_DCGETTEXT 1

configure: exit 0
